<?xml version="1.0" encoding="UTF-8"?>
<!-- Generated by org.testng.reporters.JUnitXMLReporter -->
<testsuite hostname="Dell123" ignored="0" name="Default test(failed)" tests="1" failures="0" timestamp="2023-05-12T12:09:00 IST" time="0.063" errors="0">
  <testcase name="@BeforeClass setup" time="-1.683873540365E9" classname="com.intBanking.testCases.BaseClass">
    <failure type="org.testng.TestNGException" message="
Parameter &amp;apos;browser&amp;apos; is required by BeforeClass on method setup but has not been marked @Optional or defined
in E:\Acceleration\Automation Testing\Workplace 4.9\intBanking\test-output\Default suite\testng-failed.xml">
      <![CDATA[org.testng.TestNGException: 
Parameter 'browser' is required by BeforeClass on method setup but has not been marked @Optional or defined
in E:\Acceleration\Automation Testing\Workplace 4.9\intBanking\test-output\Default suite\testng-failed.xml
at java.util.ArrayList.forEach(ArrayList.java:1257)
... Removed 22 stack frames]]>
    </failure>
  </testcase> <!-- @BeforeClass setup -->
  <testcase name="@AfterClass tearDown" time="-1.683873540396E9" classname="com.intBanking.testCases.BaseClass">
    <skipped/>
  </testcase> <!-- @AfterClass tearDown -->
  <testcase name="brokenLink" time="0.0" classname="com.intBanking.testCases.TC_CalculateAllBrokanLinkFromThePage">
    <skipped/>
  </testcase> <!-- brokenLink -->
</testsuite> <!-- Default test(failed) -->
