<?xml version="1.0" encoding="UTF-8"?>
<!-- Generated by org.testng.reporters.JUnitReportReporter -->
<testsuite skipped="1" hostname="Dell123" name="com.intBanking.testCases.TC_MiniStatement" tests="2" failures="0" timestamp="2023-05-02T13:49:54 IST" time="-1683015552.000" errors="1">
  <testcase name="miniStatement" time="0.000" classname="com.intBanking.testCases.TC_MiniStatement">
    <skipped/>
  </testcase> <!-- miniStatement -->
  <system-out/>
  <testcase name="setup" time="-1683015552.000" classname="com.intBanking.testCases.TC_MiniStatement">
    <error type="org.testng.TestNGException" message="
Parameter &#039;browser&#039; is required by BeforeClass on method setup but has not been marked @Optional or defined
in E:\Acceleration\Automation Testing\Workplace 4.9\intBanking\test.xml">
      <![CDATA[org.testng.TestNGException: 
Parameter 'browser' is required by BeforeClass on method setup but has not been marked @Optional or defined
in E:\Acceleration\Automation Testing\Workplace 4.9\intBanking\test.xml
at org.testng.internal.Parameters.createParams(Parameters.java:270)
at org.testng.internal.Parameters.createParametersForMethod(Parameters.java:358)
at org.testng.internal.Parameters.createParameters(Parameters.java:700)
at org.testng.internal.Parameters.createConfigurationParameters(Parameters.java:168)
at org.testng.internal.ConfigInvoker.invokeConfigurations(ConfigInvoker.java:302)
at org.testng.internal.TestMethodWorker.invokeBeforeClassMethods(TestMethodWorker.java:176)
at org.testng.internal.TestMethodWorker.run(TestMethodWorker.java:122)
at java.util.ArrayList.forEach(ArrayList.java:1257)
at org.testng.TestRunner.privateRun(TestRunner.java:794)
at org.testng.TestRunner.run(TestRunner.java:596)
at org.testng.SuiteRunner.runTest(SuiteRunner.java:377)
at org.testng.SuiteRunner.access$000(SuiteRunner.java:28)
at org.testng.SuiteRunner$SuiteWorker.run(SuiteRunner.java:418)
at org.testng.internal.thread.ThreadUtil.lambda$execute$0(ThreadUtil.java:64)
at java.util.concurrent.FutureTask.run(FutureTask.java:266)
at java.util.concurrent.ThreadPoolExecutor.runWorker(ThreadPoolExecutor.java:1149)
at java.util.concurrent.ThreadPoolExecutor$Worker.run(ThreadPoolExecutor.java:624)
at java.lang.Thread.run(Thread.java:748)
]]>
    </error>
  </testcase> <!-- setup -->
  <system-out/>
</testsuite> <!-- com.intBanking.testCases.TC_MiniStatement -->
