<?xml version="1.0" encoding="UTF-8"?>
<!-- Generated by org.testng.reporters.JUnitXMLReporter -->
<testsuite hostname="Dell123" ignored="1" name="Test" tests="31" failures="1" timestamp="2023-06-12T12:10:23 IST" time="3.133" errors="0">
  <testcase name="logIn" time="0.011" classname="TestNG.DescriptionInTestNG"/>
  <testcase name="signIn" time="0.003" classname="TestNG.TimeOutInTestNG"/>
  <testcase name="logIn" time="0.002" classname="TestNG.TimeOutInTestNG"/>
  <testcase name="checkNotification" time="0.509" classname="TestNG.TimeOutInTestNG"/>
  <testcase name="TestCase1" time="2.008" classname="TestNG.DemoTestNG"/>
  <testcase name="TestCase2" time="0.005" classname="TestNG.DemoTestNG"/>
  <testcase name="TestCase2" time="0.232" classname="TestNG.DemoTestNG2">
    <failure type="java.lang.IllegalStateException" message="The driver executable does not exist: E:\Acceleration\Automation Testing\Workplace 4.9\TestNG\src\Executable\chromedriver.exe">
      <![CDATA[java.lang.IllegalStateException: The driver executable does not exist: E:\Acceleration\Automation Testing\Workplace 4.9\TestNG\src\Executable\chromedriver.exe
at com.google.common.base.Preconditions.checkState(Preconditions.java:585)
at org.openqa.selenium.remote.service.DriverService.checkExecutable(DriverService.java:146)
at org.openqa.selenium.remote.service.DriverService.findExecutable(DriverService.java:141)
at org.openqa.selenium.chrome.ChromeDriverService.access$000(ChromeDriverService.java:35)
at org.openqa.selenium.chrome.ChromeDriverService$Builder.findDefaultExecutable(ChromeDriverService.java:159)
at org.openqa.selenium.remote.service.DriverService$Builder.build(DriverService.java:355)
at org.openqa.selenium.chrome.ChromeDriverService.createDefaultService(ChromeDriverService.java:94)
at org.openqa.selenium.chrome.ChromeDriver.<init>(ChromeDriver.java:123)
at TestNG.DemoTestNG2.TestCase2(DemoTestNG2.java:15)
at java.util.ArrayList.forEach(Unknown Source)
... Removed 27 stack frames]]>
    </failure>
  </testcase> <!-- TestCase2 -->
  <testcase name="VerifyLogIn" time="0.001" classname="TestNG.BeforeMethodandAfterMethod"/>
  <testcase name="CreateTask" time="0.004" classname="TestNG.BeforeMethodandAfterMethod"/>
  <testcase name="DeleteTask" time="0.004" classname="TestNG.BeforeMethodandAfterMethod"/>
  <testcase name="signIn" time="0.002" classname="TestNG.ExceptionHandling"/>
  <testcase name="logIn" time="0.002" classname="TestNG.ExceptionHandling"/>
  <testcase name="checkNotification" time="0.002" classname="TestNG.ExceptionHandling"/>
  <testcase name="VerifyLogIn" time="0.005" classname="TestNG.Annotation"/>
  <testcase name="CreateTask" time="0.002" classname="TestNG.Annotation"/>
  <testcase name="DeleteTask" time="0.002" classname="TestNG.Annotation"/>
  <testcase name="enable1" time="0.001" classname="TestNG.EnableTrueFalse"/>
  <testcase name="enable3" time="0.002" classname="TestNG.EnableTrueFalse"/>
  <testcase name="signIn" time="0.002" classname="TestNG.DependsOnMethod"/>
  <testcase name="logIn" time="0.002" classname="TestNG.DependsOnMethod"/>
  <testcase name="checkNotification" time="0.002" classname="TestNG.DependsOnMethod"/>
  <testcase name="login" time="0.001" classname="TestNG.PriorityInTestNG"/>
  <testcase name="logout" time="0.004" classname="TestNG.PriorityInTestNG"/>
  <testcase name="sendEmail" time="0.002" classname="TestNG.PriorityInTestNG"/>
  <testcase name="VerifyLogIn" time="0.004" classname="TestNG.BeforeTestAfterTest"/>
  <testcase name="CreateTask" time="0.003" classname="TestNG.BeforeTestAfterTest"/>
  <testcase name="testCaseFive" time="0.003" classname="TestNG.GroupExamplle"/>
  <testcase name="testCaseFour" time="0.007" classname="TestNG.GroupExamplle"/>
  <testcase name="testCaseOne" time="0.004" classname="TestNG.GroupExamplle"/>
  <testcase name="testCaseThree" time="0.003" classname="TestNG.GroupExamplle"/>
  <testcase name="testCaseTwo" time="0.004" classname="TestNG.GroupExamplle"/>
  <testcase name="enable2" time="0.0" classname="TestNG.EnableTrueFalse">
    <ignored/>
  </testcase> <!-- enable2 -->
</testsuite> <!-- Test -->
